<?xml version="1.0" encoding="UTF-8"?>
<testng-results ignored="0" total="1" passed="1" failed="0" skipped="0">
  <reporter-output>
  </reporter-output>
  <suite started-at="2024-07-26T15:54:39 IST" name="Default suite" finished-at="2024-07-26T15:54:58 IST" duration-ms="18699">
    <groups>
    </groups>
    <test started-at="2024-07-26T15:54:39 IST" name="Default test" finished-at="2024-07-26T15:54:58 IST" duration-ms="18699">
      <class name="practice.amazontest">
        <test-method signature="launchAmazon()[pri:0, instance:practice.amazontest@7714e963]" started-at="2024-07-26T15:54:39 IST" name="launchAmazon" finished-at="2024-07-26T15:54:57 IST" duration-ms="18610" status="PASS">
          <reporter-output>
          </reporter-output>
        </test-method> <!-- launchAmazon -->
      </class> <!-- practice.amazontest -->
    </test> <!-- Default test -->
  </suite> <!-- Default suite -->
</testng-results>
